# JRE version: OpenJDK Runtime Environment Zulu13.46+15-CA (13.0.10+5) (build 13.0.10+5-MTS)
# Java VM: OpenJDK 64-Bit Server VM Zulu13.46+15-CA (13.0.10+5-MTS, mixed mode, tiered, compressed oops, g1 gc, bsd-aarch64)
Heap:
 garbage-first heap   total 95232K, used 40654K [0x00000006c0000000, 0x00000007c0000000)
  region size 1024K, 17 young (17408K), 4 survivors (4096K)
 Metaspace       used 75729K, capacity 77538K, committed 77760K, reserved 1116160K
  class space    used 9736K, capacity 10456K, committed 10512K, reserved 1048576K
GC Heap History (20 events):
Event: 1.492 GC heap before
{Heap before GC invocations=9 (full 0):
 garbage-first heap   total 58368K, used 57151K [0x00000006c0000000, 0x00000007c0000000)
  region size 1024K, 46 young (47104K), 5 survivors (5120K)
 Metaspace       used 39362K, capacity 40445K, committed 40688K, reserved 1085440K
  class space    used 4681K, capacity 5109K, committed 5184K, reserved 1048576K
}
Event: 1.495 GC heap after
{Heap after GC invocations=10 (full 0):
 garbage-first heap   total 65536K, used 16845K [0x00000006c0000000, 0x00000007c0000000)
  region size 1024K, 6 young (6144K), 6 survivors (6144K)
 Metaspace       used 39362K, capacity 40445K, committed 40688K, reserved 1085440K
  class space    used 4681K, capacity 5109K, committed 5184K, reserved 1048576K
}
Event: 1.655 GC heap before
{Heap before GC invocations=10 (full 0):
 garbage-first heap   total 65536K, used 45517K [0x00000006c0000000, 0x00000007c0000000)
  region size 1024K, 34 young (34816K), 6 survivors (6144K)
 Metaspace       used 43791K, capacity 44838K, committed 45040K, reserved 1089536K
  class space    used 5215K, capacity 5636K, committed 5696K, reserved 1048576K
}
Event: 1.658 GC heap after
{Heap after GC invocations=11 (full 0):
 garbage-first heap   total 65536K, used 17501K [0x00000006c0000000, 0x00000007c0000000)
  region size 1024K, 3 young (3072K), 3 survivors (3072K)
 Metaspace       used 43791K, capacity 44838K, committed 45040K, reserved 1089536K
  class space    used 5215K, capacity 5636K, committed 5696K, reserved 1048576K
}
Event: 1.809 GC heap before
{Heap before GC invocations=11 (full 0):
 garbage-first heap   total 65536K, used 46173K [0x00000006c0000000, 0x00000007c0000000)
  region size 1024K, 31 young (31744K), 3 survivors (3072K)
 Metaspace       used 48037K, capacity 49090K, committed 49392K, reserved 1093632K
  class space    used 5696K, capacity 6109K, committed 6208K, reserved 1048576K
}
Event: 1.812 GC heap after
{Heap after GC invocations=12 (full 0):
 garbage-first heap   total 78848K, used 19572K [0x00000006c0000000, 0x00000007c0000000)
  region size 1024K, 3 young (3072K), 3 survivors (3072K)
 Metaspace       used 48037K, capacity 49090K, committed 49392K, reserved 1093632K
  class space    used 5696K, capacity 6109K, committed 6208K, reserved 1048576K
}
Event: 2.035 GC heap before
{Heap before GC invocations=12 (full 0):
 garbage-first heap   total 78848K, used 54388K [0x00000006c0000000, 0x00000007c0000000)
  region size 1024K, 37 young (37888K), 3 survivors (3072K)
 Metaspace       used 51991K, capacity 53265K, committed 53488K, reserved 1095680K
  class space    used 6177K, capacity 6688K, committed 6720K, reserved 1048576K
}
Event: 2.037 GC heap after
{Heap after GC invocations=13 (full 0):
 garbage-first heap   total 78848K, used 21404K [0x00000006c0000000, 0x00000007c0000000)
  region size 1024K, 4 young (4096K), 4 survivors (4096K)
 Metaspace       used 51991K, capacity 53265K, committed 53488K, reserved 1095680K
  class space    used 6177K, capacity 6688K, committed 6720K, reserved 1048576K
}
Event: 2.234 GC heap before
{Heap before GC invocations=13 (full 0):
 garbage-first heap   total 78848K, used 55196K [0x00000006c0000000, 0x00000007c0000000)
  region size 1024K, 37 young (37888K), 4 survivors (4096K)
 Metaspace       used 57852K, capacity 59080K, committed 59376K, reserved 1101824K
  class space    used 7196K, capacity 7686K, committed 7744K, reserved 1048576K
}
Event: 2.236 GC heap after
{Heap after GC invocations=14 (full 0):
 garbage-first heap   total 78848K, used 23245K [0x00000006c0000000, 0x00000007c0000000)
  region size 1024K, 4 young (4096K), 4 survivors (4096K)
 Metaspace       used 57852K, capacity 59080K, committed 59376K, reserved 1101824K
  class space    used 7196K, capacity 7686K, committed 7744K, reserved 1048576K
}
Event: 2.273 GC heap before
{Heap before GC invocations=14 (full 0):
 garbage-first heap   total 78848K, used 29389K [0x00000006c0000000, 0x00000007c0000000)
  region size 1024K, 11 young (11264K), 4 survivors (4096K)
 Metaspace       used 58977K, capacity 60246K, committed 60352K, reserved 1101824K
  class space    used 7361K, capacity 7881K, committed 7952K, reserved 1048576K
}
Event: 2.275 GC heap after
{Heap after GC invocations=15 (full 0):
 garbage-first heap   total 78848K, used 23493K [0x00000006c0000000, 0x00000007c0000000)
  region size 1024K, 2 young (2048K), 2 survivors (2048K)
 Metaspace       used 58977K, capacity 60246K, committed 60352K, reserved 1101824K
  class space    used 7361K, capacity 7881K, committed 7952K, reserved 1048576K
}
Event: 2.478 GC heap before
{Heap before GC invocations=16 (full 0):
 garbage-first heap   total 78848K, used 55237K [0x00000006c0000000, 0x00000007c0000000)
  region size 1024K, 33 young (33792K), 2 survivors (2048K)
 Metaspace       used 64427K, capacity 65790K, committed 66112K, reserved 1105920K
  class space    used 8215K, capacity 8764K, committed 8848K, reserved 1048576K
}
Event: 2.480 GC heap after
{Heap after GC invocations=17 (full 0):
 garbage-first heap   total 95232K, used 24360K [0x00000006c0000000, 0x00000007c0000000)
  region size 1024K, 3 young (3072K), 3 survivors (3072K)
 Metaspace       used 64427K, capacity 65790K, committed 66112K, reserved 1105920K
  class space    used 8215K, capacity 8764K, committed 8848K, reserved 1048576K
}
Event: 2.673 GC heap before
{Heap before GC invocations=17 (full 0):
 garbage-first heap   total 95232K, used 62248K [0x00000006c0000000, 0x00000007c0000000)
  region size 1024K, 40 young (40960K), 3 survivors (3072K)
 Metaspace       used 68684K, capacity 70317K, committed 70592K, reserved 1110016K
  class space    used 8802K, capacity 9443K, committed 9488K, reserved 1048576K
}
Event: 2.676 GC heap after
{Heap after GC invocations=18 (full 0):
 garbage-first heap   total 95232K, used 26261K [0x00000006c0000000, 0x00000007c0000000)
  region size 1024K, 4 young (4096K), 4 survivors (4096K)
 Metaspace       used 68684K, capacity 70317K, committed 70592K, reserved 1110016K
  class space    used 8802K, capacity 9443K, committed 9488K, reserved 1048576K
}
Event: 2.826 GC heap before
{Heap before GC invocations=18 (full 0):
 garbage-first heap   total 95232K, used 64149K [0x00000006c0000000, 0x00000007c0000000)
  region size 1024K, 41 young (41984K), 4 survivors (4096K)
 Metaspace       used 70711K, capacity 72313K, committed 72384K, reserved 1112064K
  class space    used 9078K, capacity 9718K, committed 9744K, reserved 1048576K
}
Event: 2.829 GC heap after
{Heap after GC invocations=19 (full 0):
 garbage-first heap   total 95232K, used 27789K [0x00000006c0000000, 0x00000007c0000000)
  region size 1024K, 5 young (5120K), 5 survivors (5120K)
 Metaspace       used 70711K, capacity 72313K, committed 72384K, reserved 1112064K
  class space    used 9078K, capacity 9718K, committed 9744K, reserved 1048576K
}
Event: 5.988 GC heap before
{Heap before GC invocations=19 (full 0):
 garbage-first heap   total 95232K, used 66701K [0x00000006c0000000, 0x00000007c0000000)
  region size 1024K, 43 young (44032K), 5 survivors (5120K)
 Metaspace       used 74296K, capacity 76068K, committed 76352K, reserved 1116160K
  class space    used 9550K, capacity 10244K, committed 10384K, reserved 1048576K
}
Event: 5.991 GC heap after
{Heap after GC invocations=20 (full 0):
 garbage-first heap   total 95232K, used 29390K [0x00000006c0000000, 0x00000007c0000000)
  region size 1024K, 4 young (4096K), 4 survivors (4096K)
 Metaspace       used 74296K, capacity 76068K, committed 76352K, reserved 1116160K
  class space    used 9550K, capacity 10244K, committed 10384K, reserved 1048576K
}

